G75*
G70*
%OFA0B0*%
%FSLAX24Y24*%
%IPPOS*%
%LPD*%
%AMOC8*
5,1,8,0,0,1.08239X$1,22.5*
%
%ADD10C,0.0000*%
D10*
X000500Y000510D02*
X000500Y021506D01*
X040370Y021506D01*
X040370Y000510D01*
X000500Y000510D01*
X005870Y001500D02*
X005872Y001550D01*
X005878Y001600D01*
X005888Y001649D01*
X005902Y001697D01*
X005919Y001744D01*
X005940Y001789D01*
X005965Y001833D01*
X005993Y001874D01*
X006025Y001913D01*
X006059Y001950D01*
X006096Y001984D01*
X006136Y002014D01*
X006178Y002041D01*
X006222Y002065D01*
X006268Y002086D01*
X006315Y002102D01*
X006363Y002115D01*
X006413Y002124D01*
X006462Y002129D01*
X006513Y002130D01*
X006563Y002127D01*
X006612Y002120D01*
X006661Y002109D01*
X006709Y002094D01*
X006755Y002076D01*
X006800Y002054D01*
X006843Y002028D01*
X006884Y001999D01*
X006923Y001967D01*
X006959Y001932D01*
X006991Y001894D01*
X007021Y001854D01*
X007048Y001811D01*
X007071Y001767D01*
X007090Y001721D01*
X007106Y001673D01*
X007118Y001624D01*
X007126Y001575D01*
X007130Y001525D01*
X007130Y001475D01*
X007126Y001425D01*
X007118Y001376D01*
X007106Y001327D01*
X007090Y001279D01*
X007071Y001233D01*
X007048Y001189D01*
X007021Y001146D01*
X006991Y001106D01*
X006959Y001068D01*
X006923Y001033D01*
X006884Y001001D01*
X006843Y000972D01*
X006800Y000946D01*
X006755Y000924D01*
X006709Y000906D01*
X006661Y000891D01*
X006612Y000880D01*
X006563Y000873D01*
X006513Y000870D01*
X006462Y000871D01*
X006413Y000876D01*
X006363Y000885D01*
X006315Y000898D01*
X006268Y000914D01*
X006222Y000935D01*
X006178Y000959D01*
X006136Y000986D01*
X006096Y001016D01*
X006059Y001050D01*
X006025Y001087D01*
X005993Y001126D01*
X005965Y001167D01*
X005940Y001211D01*
X005919Y001256D01*
X005902Y001303D01*
X005888Y001351D01*
X005878Y001400D01*
X005872Y001450D01*
X005870Y001500D01*
X037870Y001500D02*
X037872Y001550D01*
X037878Y001600D01*
X037888Y001649D01*
X037902Y001697D01*
X037919Y001744D01*
X037940Y001789D01*
X037965Y001833D01*
X037993Y001874D01*
X038025Y001913D01*
X038059Y001950D01*
X038096Y001984D01*
X038136Y002014D01*
X038178Y002041D01*
X038222Y002065D01*
X038268Y002086D01*
X038315Y002102D01*
X038363Y002115D01*
X038413Y002124D01*
X038462Y002129D01*
X038513Y002130D01*
X038563Y002127D01*
X038612Y002120D01*
X038661Y002109D01*
X038709Y002094D01*
X038755Y002076D01*
X038800Y002054D01*
X038843Y002028D01*
X038884Y001999D01*
X038923Y001967D01*
X038959Y001932D01*
X038991Y001894D01*
X039021Y001854D01*
X039048Y001811D01*
X039071Y001767D01*
X039090Y001721D01*
X039106Y001673D01*
X039118Y001624D01*
X039126Y001575D01*
X039130Y001525D01*
X039130Y001475D01*
X039126Y001425D01*
X039118Y001376D01*
X039106Y001327D01*
X039090Y001279D01*
X039071Y001233D01*
X039048Y001189D01*
X039021Y001146D01*
X038991Y001106D01*
X038959Y001068D01*
X038923Y001033D01*
X038884Y001001D01*
X038843Y000972D01*
X038800Y000946D01*
X038755Y000924D01*
X038709Y000906D01*
X038661Y000891D01*
X038612Y000880D01*
X038563Y000873D01*
X038513Y000870D01*
X038462Y000871D01*
X038413Y000876D01*
X038363Y000885D01*
X038315Y000898D01*
X038268Y000914D01*
X038222Y000935D01*
X038178Y000959D01*
X038136Y000986D01*
X038096Y001016D01*
X038059Y001050D01*
X038025Y001087D01*
X037993Y001126D01*
X037965Y001167D01*
X037940Y001211D01*
X037919Y001256D01*
X037902Y001303D01*
X037888Y001351D01*
X037878Y001400D01*
X037872Y001450D01*
X037870Y001500D01*
X035370Y020500D02*
X035372Y020550D01*
X035378Y020600D01*
X035388Y020649D01*
X035402Y020697D01*
X035419Y020744D01*
X035440Y020789D01*
X035465Y020833D01*
X035493Y020874D01*
X035525Y020913D01*
X035559Y020950D01*
X035596Y020984D01*
X035636Y021014D01*
X035678Y021041D01*
X035722Y021065D01*
X035768Y021086D01*
X035815Y021102D01*
X035863Y021115D01*
X035913Y021124D01*
X035962Y021129D01*
X036013Y021130D01*
X036063Y021127D01*
X036112Y021120D01*
X036161Y021109D01*
X036209Y021094D01*
X036255Y021076D01*
X036300Y021054D01*
X036343Y021028D01*
X036384Y020999D01*
X036423Y020967D01*
X036459Y020932D01*
X036491Y020894D01*
X036521Y020854D01*
X036548Y020811D01*
X036571Y020767D01*
X036590Y020721D01*
X036606Y020673D01*
X036618Y020624D01*
X036626Y020575D01*
X036630Y020525D01*
X036630Y020475D01*
X036626Y020425D01*
X036618Y020376D01*
X036606Y020327D01*
X036590Y020279D01*
X036571Y020233D01*
X036548Y020189D01*
X036521Y020146D01*
X036491Y020106D01*
X036459Y020068D01*
X036423Y020033D01*
X036384Y020001D01*
X036343Y019972D01*
X036300Y019946D01*
X036255Y019924D01*
X036209Y019906D01*
X036161Y019891D01*
X036112Y019880D01*
X036063Y019873D01*
X036013Y019870D01*
X035962Y019871D01*
X035913Y019876D01*
X035863Y019885D01*
X035815Y019898D01*
X035768Y019914D01*
X035722Y019935D01*
X035678Y019959D01*
X035636Y019986D01*
X035596Y020016D01*
X035559Y020050D01*
X035525Y020087D01*
X035493Y020126D01*
X035465Y020167D01*
X035440Y020211D01*
X035419Y020256D01*
X035402Y020303D01*
X035388Y020351D01*
X035378Y020400D01*
X035372Y020450D01*
X035370Y020500D01*
X005870Y020500D02*
X005872Y020550D01*
X005878Y020600D01*
X005888Y020649D01*
X005902Y020697D01*
X005919Y020744D01*
X005940Y020789D01*
X005965Y020833D01*
X005993Y020874D01*
X006025Y020913D01*
X006059Y020950D01*
X006096Y020984D01*
X006136Y021014D01*
X006178Y021041D01*
X006222Y021065D01*
X006268Y021086D01*
X006315Y021102D01*
X006363Y021115D01*
X006413Y021124D01*
X006462Y021129D01*
X006513Y021130D01*
X006563Y021127D01*
X006612Y021120D01*
X006661Y021109D01*
X006709Y021094D01*
X006755Y021076D01*
X006800Y021054D01*
X006843Y021028D01*
X006884Y020999D01*
X006923Y020967D01*
X006959Y020932D01*
X006991Y020894D01*
X007021Y020854D01*
X007048Y020811D01*
X007071Y020767D01*
X007090Y020721D01*
X007106Y020673D01*
X007118Y020624D01*
X007126Y020575D01*
X007130Y020525D01*
X007130Y020475D01*
X007126Y020425D01*
X007118Y020376D01*
X007106Y020327D01*
X007090Y020279D01*
X007071Y020233D01*
X007048Y020189D01*
X007021Y020146D01*
X006991Y020106D01*
X006959Y020068D01*
X006923Y020033D01*
X006884Y020001D01*
X006843Y019972D01*
X006800Y019946D01*
X006755Y019924D01*
X006709Y019906D01*
X006661Y019891D01*
X006612Y019880D01*
X006563Y019873D01*
X006513Y019870D01*
X006462Y019871D01*
X006413Y019876D01*
X006363Y019885D01*
X006315Y019898D01*
X006268Y019914D01*
X006222Y019935D01*
X006178Y019959D01*
X006136Y019986D01*
X006096Y020016D01*
X006059Y020050D01*
X006025Y020087D01*
X005993Y020126D01*
X005965Y020167D01*
X005940Y020211D01*
X005919Y020256D01*
X005902Y020303D01*
X005888Y020351D01*
X005878Y020400D01*
X005872Y020450D01*
X005870Y020500D01*
M02*
